app/alunos/page.tsx(2,28): error TS2307: Cannot find module '@/components/layout/MainLayout' or its corresponding type declarations.
app/alunos/page.tsx(3,27): error TS2307: Cannot find module '@/hooks/useAlunos' or its corresponding type declarations.
app/alunos/page.tsx(9,48): error TS2307: Cannot find module '@/types/alunos' or its corresponding type declarations.
app/alunos/page.tsx(10,29): error TS2307: Cannot find module '@/hooks/useDebounce' or its corresponding type declarations.
app/alunos/page.tsx(25,33): error TS7006: Parameter 'a' implicitly has an 'any' type.
app/alunos/page.tsx(26,35): error TS7006: Parameter 'a' implicitly has an 'any' type.
app/alunos/page.tsx(51,33): error TS7006: Parameter 't' implicitly has an 'any' type.
app/alunos/page.tsx(58,33): error TS7006: Parameter 'c' implicitly has an 'any' type.
app/alunos/page.tsx(81,29): error TS7006: Parameter 'aluno' implicitly has an 'any' type.
app/api/alunos/route.ts(2,24): error TS2307: Cannot find module '@/lib/prisma' or its corresponding type declarations.
app/api/clientes/route.ts(2,24): error TS2307: Cannot find module '@/lib/prisma' or its corresponding type declarations.
app/api/evento-alunos/route.ts(2,24): error TS2307: Cannot find module '@/lib/prisma' or its corresponding type declarations.
app/api/evento-alunos/status/route.ts(2,24): error TS2307: Cannot find module '@/lib/prisma' or its corresponding type declarations.
app/api/eventos/[id]/route.ts(2,24): error TS2307: Cannot find module '@/lib/prisma' or its corresponding type declarations.
app/api/eventos/route.ts(2,24): error TS2307: Cannot find module '@/lib/prisma' or its corresponding type declarations.
app/clientes/page.tsx(2,28): error TS2307: Cannot find module '@/components/layout/MainLayout' or its corresponding type declarations.
app/clientes/page.tsx(5,33): error TS2307: Cannot find module '@/services/clientesService' or its corresponding type declarations.
app/clientes/page.tsx(6,29): error TS2307: Cannot find module '@/hooks/useDebounce' or its corresponding type declarations.
app/clientes/page.tsx(23,35): error TS7006: Parameter 'c' implicitly has an 'any' type.
app/clientes/page.tsx(64,32): error TS7006: Parameter 'cliente' implicitly has an 'any' type.
app/eventos/[id]/page.tsx(2,28): error TS2307: Cannot find module '@/components/layout/MainLayout' or its corresponding type declarations.
app/eventos/[id]/page.tsx(3,44): error TS2307: Cannot find module '@/hooks/useEventos' or its corresponding type declarations.
app/eventos/[id]/page.tsx(79,89): error TS7006: Parameter 'item' implicitly has an 'any' type.
app/eventos/[id]/page.tsx(79,95): error TS7006: Parameter 'idx' implicitly has an 'any' type.
app/eventos/novo/page.tsx(2,28): error TS2307: Cannot find module '@/components/layout/MainLayout' or its corresponding type declarations.
app/eventos/novo/page.tsx(4,33): error TS2307: Cannot find module '@/hooks/useEventos' or its corresponding type declarations.
app/eventos/novo/page.tsx(9,29): error TS2307: Cannot find module '@/lib/cpfUtils' or its corresponding type declarations.
app/eventos/page.tsx(2,28): error TS2307: Cannot find module '@/components/layout/MainLayout' or its corresponding type declarations.
app/eventos/page.tsx(3,45): error TS2307: Cannot find module '@/hooks/useEventos' or its corresponding type declarations.
app/eventos/page.tsx(4,27): error TS2307: Cannot find module '@/components/dashboard/EventCard' or its corresponding type declarations.
app/eventos/page.tsx(5,35): error TS2307: Cannot find module '@/components/dashboard/RecentEventsTable' or its corresponding type declarations.
app/eventos/page.tsx(25,32): error TS7006: Parameter 'e' implicitly has an 'any' type.
app/eventos/page.tsx(29,32): error TS7006: Parameter 'e' implicitly has an 'any' type.
app/eventos/page.tsx(72,25): error TS7006: Parameter 'ev' implicitly has an 'any' type.
app/eventos/page.tsx(74,49): error TS7006: Parameter 'id' implicitly has an 'any' type.
app/faqs/page.tsx(2,28): error TS2307: Cannot find module '@/components/layout/MainLayout' or its corresponding type declarations.
app/faqs/page.tsx(7,29): error TS2307: Cannot find module '@/hooks/useDebounce' or its corresponding type declarations.
app/financeiro/page.tsx(2,28): error TS2307: Cannot find module '@/components/layout/MainLayout' or its corresponding type declarations.
app/financeiro/page.tsx(7,29): error TS2307: Cannot find module '@/lib/cpfUtils' or its corresponding type declarations.
app/financeiro/page.tsx(87,103): error TS2552: Cannot find name 'Clock'. Did you mean 'Lock'?
app/layout.tsx(1,27): error TS2307: Cannot find module '@/components/providers/Providers' or its corresponding type declarations.
app/page.tsx(2,28): error TS2307: Cannot find module '@/components/layout/MainLayout' or its corresponding type declarations.
app/page.tsx(3,26): error TS2307: Cannot find module '@/components/dashboard/StatCard' or its corresponding type declarations.
app/page.tsx(4,27): error TS2307: Cannot find module '@/components/dashboard/EventCard' or its corresponding type declarations.
app/page.tsx(5,35): error TS2307: Cannot find module '@/components/dashboard/RecentEventsTable' or its corresponding type declarations.
app/page.tsx(6,45): error TS2307: Cannot find module '@/hooks/useEventos' or its corresponding type declarations.
app/page.tsx(15,43): error TS7006: Parameter 'e' implicitly has an 'any' type.
app/page.tsx(33,37): error TS7006: Parameter 'ev' implicitly has an 'any' type.
app/participantes/page.tsx(2,28): error TS2307: Cannot find module '@/components/layout/MainLayout' or its corresponding type declarations.
app/participantes/page.tsx(3,28): error TS2307: Cannot find module '@/hooks/useEventos' or its corresponding type declarations.
app/participantes/page.tsx(24,27): error TS7006: Parameter 'e' implicitly has an 'any' type.
app/suporte/page.tsx(2,28): error TS2307: Cannot find module '@/components/layout/MainLayout' or its corresponding type declarations.
components/ui/accordion.tsx(7,20): error TS2307: Cannot find module '@/lib/utils' or its corresponding type declarations.
components/ui/alert-dialog.tsx(6,20): error TS2307: Cannot find module '@/lib/utils' or its corresponding type declarations.
components/ui/avatar.tsx(6,20): error TS2307: Cannot find module '@/lib/utils' or its corresponding type declarations.
components/ui/badge.tsx(4,20): error TS2307: Cannot find module '@/lib/utils' or its corresponding type declarations.
components/ui/breadcrumb.tsx(5,20): error TS2307: Cannot find module '@/lib/utils' or its corresponding type declarations.
components/ui/button.tsx(5,20): error TS2307: Cannot find module '@/lib/utils' or its corresponding type declarations.
components/ui/calendar.tsx(11,20): error TS2307: Cannot find module '@/lib/utils' or its corresponding type declarations.
components/ui/card.tsx(3,20): error TS2307: Cannot find module '@/lib/utils' or its corresponding type declarations.
components/ui/carousel.tsx(9,20): error TS2307: Cannot find module '@/lib/utils' or its corresponding type declarations.
components/ui/chart.tsx(6,20): error TS2307: Cannot find module '@/lib/utils' or its corresponding type declarations.
components/ui/checkbox.tsx(7,20): error TS2307: Cannot find module '@/lib/utils' or its corresponding type declarations.
components/ui/command.tsx(8,20): error TS2307: Cannot find module '@/lib/utils' or its corresponding type declarations.
components/ui/context-menu.tsx(7,20): error TS2307: Cannot find module '@/lib/utils' or its corresponding type declarations.
components/ui/dialog.tsx(7,20): error TS2307: Cannot find module '@/lib/utils' or its corresponding type declarations.
components/ui/drawer.tsx(6,20): error TS2307: Cannot find module '@/lib/utils' or its corresponding type declarations.
components/ui/dropdown-menu.tsx(7,20): error TS2307: Cannot find module '@/lib/utils' or its corresponding type declarations.
components/ui/form.tsx(15,20): error TS2307: Cannot find module '@/lib/utils' or its corresponding type declarations.
components/ui/hover-card.tsx(6,20): error TS2307: Cannot find module '@/lib/utils' or its corresponding type declarations.
components/ui/input-otp.tsx(7,20): error TS2307: Cannot find module '@/lib/utils' or its corresponding type declarations.
components/ui/input.tsx(3,20): error TS2307: Cannot find module '@/lib/utils' or its corresponding type declarations.
components/ui/label.tsx(7,20): error TS2307: Cannot find module '@/lib/utils' or its corresponding type declarations.
components/ui/menubar.tsx(7,20): error TS2307: Cannot find module '@/lib/utils' or its corresponding type declarations.
components/ui/navigation-menu.tsx(6,20): error TS2307: Cannot find module '@/lib/utils' or its corresponding type declarations.
components/ui/pagination.tsx(4,20): error TS2307: Cannot find module '@/lib/utils' or its corresponding type declarations.
components/ui/popover.tsx(6,20): error TS2307: Cannot find module '@/lib/utils' or its corresponding type declarations.
components/ui/progress.tsx(6,20): error TS2307: Cannot find module '@/lib/utils' or its corresponding type declarations.
components/ui/radio-group.tsx(7,20): error TS2307: Cannot find module '@/lib/utils' or its corresponding type declarations.
components/ui/resizable.tsx(6,20): error TS2307: Cannot find module '@/lib/utils' or its corresponding type declarations.
components/ui/scroll-area.tsx(6,20): error TS2307: Cannot find module '@/lib/utils' or its corresponding type declarations.
components/ui/select.tsx(7,20): error TS2307: Cannot find module '@/lib/utils' or its corresponding type declarations.
components/ui/separator.tsx(6,20): error TS2307: Cannot find module '@/lib/utils' or its corresponding type declarations.
components/ui/sheet.tsx(8,20): error TS2307: Cannot find module '@/lib/utils' or its corresponding type declarations.
components/ui/sidebar.tsx(9,20): error TS2307: Cannot find module '@/lib/utils' or its corresponding type declarations.
components/ui/skeleton.tsx(1,20): error TS2307: Cannot find module '@/lib/utils' or its corresponding type declarations.
components/ui/slider.tsx(6,20): error TS2307: Cannot find module '@/lib/utils' or its corresponding type declarations.
components/ui/switch.tsx(6,20): error TS2307: Cannot find module '@/lib/utils' or its corresponding type declarations.
components/ui/table.tsx(3,20): error TS2307: Cannot find module '@/lib/utils' or its corresponding type declarations.
components/ui/tabs.tsx(6,20): error TS2307: Cannot find module '@/lib/utils' or its corresponding type declarations.
components/ui/textarea.tsx(3,20): error TS2307: Cannot find module '@/lib/utils' or its corresponding type declarations.
components/ui/toast.tsx(8,20): error TS2307: Cannot find module '@/lib/utils' or its corresponding type declarations.
components/ui/toggle-group.tsx(7,20): error TS2307: Cannot find module '@/lib/utils' or its corresponding type declarations.
components/ui/toggle.tsx(7,20): error TS2307: Cannot find module '@/lib/utils' or its corresponding type declarations.
components/ui/tooltip.tsx(6,20): error TS2307: Cannot find module '@/lib/utils' or its corresponding type declarations.
src/components/dashboard/EventCard.tsx(1,24): error TS2307: Cannot find module '@/types/database' or its corresponding type declarations.
src/components/dashboard/RecentEventsTable.tsx(1,24): error TS2307: Cannot find module '@/types/database' or its corresponding type declarations.
src/components/layout/MainLayout.tsx(3,18): error TS2307: Cannot find module 'next/flow' or its corresponding type declarations.
src/components/providers/Providers.tsx(4,26): error TS2307: Cannot find module '@/components/auth/AuthGate' or its corresponding type declarations.
src/hooks/useAlunos.ts(2,31): error TS2307: Cannot find module '@/services/alunosService' or its corresponding type declarations.
src/hooks/useAlunos.ts(16,77): error TS2339: Property 'evento_id' does not exist on type 'void'.
src/hooks/useEventos.ts(2,32): error TS2307: Cannot find module '@/services/eventosService' or its corresponding type declarations.
src/hooks/useEventos.ts(24,35): error TS7006: Parameter 'e' implicitly has an 'any' type.
src/hooks/useEventos.ts(25,41): error TS7006: Parameter 'sum' implicitly has an 'any' type.
src/hooks/useEventos.ts(25,46): error TS7006: Parameter 'e' implicitly has an 'any' type.
src/hooks/useEventos.ts(26,43): error TS7006: Parameter 'sum' implicitly has an 'any' type.
src/hooks/useEventos.ts(26,48): error TS7006: Parameter 'e' implicitly has an 'any' type.
src/services/alunosService.ts(1,36): error TS2307: Cannot find module '@/types/alunos' or its corresponding type declarations.
src/services/clientesService.ts(1,44): error TS2307: Cannot find module '@/types/clientes' or its corresponding type declarations.
src/services/eventoAlunosService.ts(3,29): error TS2307: Cannot find module '@/lib/cpfUtils' or its corresponding type declarations.
src/services/eventosService.ts(1,24): error TS2307: Cannot find module '@/types/database' or its corresponding type declarations.
src/services/sgeService.ts(1,38): error TS2307: Cannot find module '@/types/financeiro' or its corresponding type declarations.
